1133864
1796424
811300
1499795
687803
5158966
522435
126401
5046896
7408012
576236
4442209
4617073
3639232
4186143
4470775
100587
1286313
2781111
2064652
374096
8542950
277386
6531526
1887137
4604360
6407271
1450013
5922069
4959648
3197938
2680728
854380
1508784
4013192
6467105
2567084
1599049
3932814
763541
4523907
1018482
8178256
1383484
7185686
3847427
410978
2525055
2279289
1767370
32445
1226848
2180996
13800
72565
1187035
273038
40068
6191540
4591872
1391889
8640966
7151585
61101
319241
427225
42111
253654
884333
1295309
7421
1787895
3961808
1783789
2587131
2102608
4258661
598857
36827
4477094
545073
6333086
569064
2299849
914138
945326
1194290
983239
978366
16046
5604988
271049
1275749
2096623
193876
1830938
6095210
128939
2733858
3489907
4269318
890422
2374324
2408359
4250140
50377
1635732
2738247
2374955
2269262
577774
188335
146854
1507466
1893804
2447044
532427
461508
5884365
5291600
531718
689042
2212531
311827
1248824
3902574
2665260
527656
1629425
6242721
1831289
1764511
1377324
962626
797542
904515
968124
214884
1840022
3536977
807432
1462806
154100
919209
3281965
807718
3096994
3452496
520566
382251
2279289
2703634
2425284
3021795
98473
148583
4903626
3503297
621639
5002197
5244536
665591
947788
7992268
592365
6394426
587218
1074304
450007
1528195
6041891
4795040
2234921
2790084
241898
1120184
5143161
7666039
2336244
232628
207804
775556
2410602
1159838
2472515
591212
5310216
1061482
2469782
5618838
3384881
1165204
4119558
3032532
1167974
58643
618466
2016680
4380631
1955787
391943
3206542
5384933
2753074
1252713
1174398
1392744
2155308
2134749
4407690
428929
7846271
162841
7381756
2485438
2841953
532883
4091163
1934314
164110
1329018
43741
8071961
4025407
3753784
132545
3229421
2138093
2447423
583632
946559
318397
8371985
4746989
250198
81161
3224295
1609214
19203
1072434
415256
3461456
1765258
2748006
3728851
148687
1295189
11393
532484
8087164
175591
424683
2101018
274551
2068819
1415029
74730
324036
176210
451060
723146
1390072
1640984
342698
303570
339724
4812097
1027685
2195327
1095335
659169
1970022
4109166
384192
3471604
155173
595908
125595
3028633
1598166
4689538
6911954
6071438
35409
1619777
1533213
5393590
5782285
6263073
586993
4080077
1467555
707823
1444726
5533688
3288005
2798396
1144255
173012
3705989
6054876
9389048
345952
211393
4705765
4744609
308488
5383417
1243716
1145025
762656
1999131
6201741
1824571
5544189
5089797
5978012
6180929
2452561
2031839
74331
963415
1891058
461196
8802535
1815007
4983599
686670
1977048
205615
3933440
231166
652412
1941387
1185162
5212676
2805365
4195762
795352
165042
22340
1191820
786268
296137
56663
1757593
2931258
4461777
8153078
3233319
4437901
3211621
3503475
9147510
362373
13958
2042469
1577579
851115
354588
656966
3532080
2505803
855479
1187573
6842088
2113067
3765994
2749751
181422
430726
4769755
4145942
3605221
1074484
4424435
2268713
57599
382233
1519536
6911954
2321876
1528242
2255587
1879209
687972
1263047
4209671
994612
2508928
2531720
2013942
701696
5001730
6069951
5198505
5966079
4122908
627586
1154743
1449501
2081459
176447
22340
4591705
5738556
1884825
2980920
3969490
4877437
463894
102956
8083904
3035448
5167243
1687364
211100
5161428
1745956
4019185
4678588
1452605
128344
1020030
1936319
6219875
75472
1507252
2707320
1706084
378981
1490779
6220428
2555134
6587261
1578616
1882590
7736120
4930966
4468744
633809
964410
1425452
273147
3386671
5243198
69823
706689
5810910
1245436
1250185
350355
822162
2244507
507467
1099737
446419
700129
4520949
514154
6290659
5544508
205093
6303742
1160847
918807
4985165
3882410
2167527
1482575
164494
1619060
578794
3312001
749449
4150491
5047071
9566022
2784808
399321
3823204
2629066
6054828
2001534
3054918
5064729
872661
1062624
268303
5654992
1463532
2049254
9302528
5698202
1151231
6075832
525783
2277178
2196507
1526075
4475176
7909475
850610
1399420
3948760
3886418
301294
327210
7691944
635468
1349872
130279
4340558
779371
710620
7621144
1264550
1900400
5207813
1400368
5462532
4178576
1809225
4932395
2458367
1172703
674068
330044
2730200
199861
1258536
153320
6493543
840778
4393397
5270694
619311
314711
2186600
2494674
5904868
6991
2709350
3940554
3337023
2939694
575437
444680
1445690
3240972
684923
255410
2033426
6941462
2531451
3869796
489870
2572857
607991
2657227
4433342
125014
170311
19573
5347811
6105763
394760
1442827
2072932
2333914
3898006
2250968
5153523
300839
4908991
3953637
4033884
9245116
3987854
4562611
2962979
2810399
36216
509266
91110
259232
4045412
4396995
2102779
3953087
6493543
912063
834194
3710552
1313300
661873
593466
8380944
5706784
777308
662416
938919
1647570
1072933
4059192
4874424
3739582
3416777
2652995
1575825
5914177
3936232
384743
2698706
120062
756435
2062251
976791
8048565
884333
3966821
7578074
1019869
2529316
244522
3870669
1415706
1228925
4680258
727982
4868289
534512
2359370
587371
5007391
7722089
364033
6745510
5772556
1618209
256029
90481
5074583
4020309
10651
1220591
2573535
1580686
2915913
1499365
2918980
3449514
159481
1391402
37771
3263968
1739203
564325
3116295
249643
465978
3995969
1369129
3906002
5463287
4182659
5978431
1843342
5078431
1320719
362373
5017290
3442463
536491
2984200
7974569
6189811
2724434
645672
1006596
1645585
281126
311017
1228253
4311813
4656690
2633854
7898577
2269614
5878204
5606296
120207
1912702
320906
132545
4016414
6150006
931128
5438440
59643
1782213
3321135
5536650
4371355
110878
1424250
1291462
1035824
4684228
336344
604896
1448628
2240777
2343127
3776487
6148834
513450
869476
6177027
5320040
1683070
1568068
888820
1705170
2012841
4844406
884519
3488642
3377509
2051733
2680975
1194272
7793142
3673399
985958
4479618
4095690
8018435
2397463
2917988
5364390
560812
829834
138684
1728264
979413
2362687
5640274
5195877
3661457
215877
756032
1854911
751195
561482
4467123
3117618
5838621
2436654
751334
2984131
994371
422656
3364175
7296760
2061556
1777844
6195501
3433049
1870578
2131261
2223761
1079666
996025
1016291
1503357
2792754
423892
695656
3036399
2009715
5660914
1615670
5396058
1197740
775265
611288
2011865
1878246
1482575
22269
779371
1928409
1821789
6428137
1899974
1206457
1101777
964698
3798292
6834519
400970
354063
1952220
26765
824071
8804918
6457078
6015756
3356040
3478398
2655246
1058103
3847132
227377
2772092
1191516
311145
131196
11782
609277
2724095
1148552
1679248
3743214
2823299
84695
3148127
1613738
138684
3212909
3677250
1148030
69281
268303
342085
7043287
153781
638811
118531
4359052
5541334
2423738
4121027
2500368
2388745
1691769
3429963
4536317
6592519
1761945
710620
46477
2701748
2571982
802748
8655572
612656
1396337
3700910
1833086
723328
3763948
4130575
8753903
4053455
539123
2637377
81161
1817769
992451
253872
160736
2656210
1904993
1264970
363534
6873920
3218399
1894793
2368156
860051
5455841
636471
6531800
1259269
681863
2393850
2271174
2238010
487648
631498
295838
1317755
1030465
4908352
3832484
4758205
2453448
476316
3540478
645464
6685137
4827922
531584
3268379
1753055
2637090
1741241
1175720
103484
1176146
2953955
5466908
3293037
1762293
1527917
3925366
3380
3150059
4004217
747367
2993502
1987165
2840128
6731522
4145030
5555659
2050308
2085119
4226527
7743349
5054135
5211544
5041880
3917646
1999131
5295175
1925695
2112808
5319687
9293855
640255
6543179
3997044
5007936
2136567
1204663
1536363
3292150
1614903
55933
3662629
1055096
1830938
4690212
3541284
207403
1273334
1171863
42450
2622544
4554241
2140697
3653468
2203800
1483790
5127866
579988
36613
8449321
3962454
941639
1670528
6213499
1412193
3107951
3118200
3972848
1254704
2383772
889727
5887600
119209
1098162
992668
138930
1030069
395042
557737
1762747
4928879
2832365
1316968
2386171
1459221
797972
892165
328777
977057
2025742
1567125
658519
2190777
32575
500749
1020380
6179539
141567
429865
2302398
3404706
1206555
1030367
2602431
5101071
3395427
4563455
2435367
2683191
5226816
3853166
2310868
3877847
3349173
4107741
5954475
1374316
1721903
140680
269496
5243382
2109869
3140244
3589255
1417292
5623383
2042845
6893048
1386100
3925178
3418255
812509
4075795
1598529
2946727
231166
4365845
1047827
5685569
343230
2622452
6497580
230032
1693181
4082429
1525970
8055055
435107
2315148
3046999
6451539
2165925
9077350
2886238
3259342
6471919
1435182
642373
4142344
264564
7401944
1318977
1596620
4141966
1334624
1105716
6910380
5219563
778936
1645221
951274
481608
3299447
5012
3115
405038
6958701
1403230
1555919
1659824
5247925
3439100
3815615
875575
1964848
2375154
1507279
4078456
3534238
3974077
1537208
2443308
4986675
2789687
2078601
5339854
4749044
5610970
893487
2075407
1622618
1593174
7362365
11091
3221189
1721477
371759
308909
339806
7359709
3117901
3849568
2116276
5113423
1328086
2808256
2079917
95276
2872888
31100
1936544
1056404
4883931
1722529
849607
5408239
227350
3245630
3975121
2935576
3547917
1859713
1231060
1536860
297588
2051832
4224158
405056
4757288
810087
5631387
278835
992526
72103
1663388
5682089
251640
5121877
4296733
4976355
1452373
651317
1241385
1479977
508566
1147993
4611821
370240
5035284
2517265
1855843
3906156
3541097
456953
67483
2646433
6285889
1533435
2319809
2721992
435076
4353072
274876
2469797
5059115
274551
897635
2902611
2026693
3482700
2028435
1212995
2514427
3985906
1867867
2018117
2252585
4038702
3426900
1579028
6332500
2805547
3128583
4683524
2169807
4906539
3404220
857236
3942207
1189595
134733
3157662
4100407
400970
1371968
499807
1901604
6242329
6670202
1004287
4273607
1645042
814916
1830173
558244
2050890
2212235
4074940
1361846
3681537
2176570
470776
1548931
4188998
6419561
110878
5253655
934724
1065910
3378167
384924
1433544
5485139
2419914
6056509
298889
1656485
4021204
75067
971919
2046767
4451299
2670992
3760057
292844
732421
281074
449125
432845
6374465
3637982
3605772
18611
1158514
779930
3152926
2417778
2715775
2300923
7537227
169997
7930697
3286749
861758
440283
1524451
13800
2446905
2580084
726027
1353189
1754535
3174317
217736
5106754
2241664
964581
4480
668145
3123696
1880440
4132210
31092
629354
627276
304191
6271245
1782210
3015573
5481075
2404262
1544358
1197988
330113
685301
6082082
2200723
1033001
3896031
3835127
4268353
826778
6799243
1311655
937436
1331469
1287103
832459
2147819
351943
6435276
1436054
2183204
2451426
1441272
900730
71794
217076
4922557
6563689
5813332
2496398
6701012
226484
512805
662754
1428015
42661
3002866
1983731
7485920
3549455
97386
299834
8037279
2120214
563110
2181125
320906
636708
5039622
1167946
1557448
2763749
727982
864754
4889984
232127
1733134
1813544
6140893
2457719
1699939
1406807
4954001
59732
1341176
1568783
3829016
2721722
4362216
1509659
4724242
7479
71737
3761597
520016
3374724
2436906
2054139
3100046
391943
5200790
5370483
3034981
1600101
80892
583001
230169
1485778
478263
880935
4617825
97026
834713
244915
2268623
1867983
1057740
2195074
690956
1318904
1774595
729226
454667
8057160
2900671
6819019
7452273
6959500
147916
127994
2831655
637824
8104463
1331336
19903
364033
2107430
7421845
872135
4880450
132545
1170675
2601176
877744
505735
192352
2963982
5697798
1010135
1631139
2341613
2200860
1499188
446334
6077494
2267419
864435
1856330
2669390
6920931
1126355
2537171
3370940
797649
1882658
1213987
2559869
948765
65363
2620769
4035344
4315108
409798
250198
948183
849592
832165
4141859
4709719
1036842
6468271
984004
5599536
1042337
853541
1567701
1214162
365958
3282826
544304
1624770
5557302
144096
6331123
2554361
4936161
6192684
818661
1721086
3993167
3024619
707823
839667
262736
844009
558386
5065244
3533410
3608638
487398
835435
362373
8584147
238173
403412
621879
929616
1517060
2758823
478805
501340
7639146
348553
803760
3018645
172264
2139073
1321424
3011109
1907912
2031777
5486526
951697
3573813
678425
2943253
3537361
1613268
2269192
3937080
8888282
4345554
4350227
3059334
2345821
1918997
1890178
8960016
5353306
4718956
3393136
3971163
6440596
494807
2645555
8249839
1741953
486517
920700
184836
108716
3040186
418
2158627
5331689
2125201
4458023
9749444
2500817
2671864
665306
1339741
316154
3720717
3718127
385653
7709911
6803688
823234
2653701
4311302
1474326
3349173
2016013
1649264
3235962
2180214
1205052
3532415
2751754
1594065
14338
2239283
398745
1244645
6330329
7364883
3404706
2645296
3089758
459716
5077561
8219899
2980618
2397323
887661
848284
4954897
7018127
1493665
5356676
2544644
283210
1577314
1296547
2885902
620131
4694358
1852925
3010573
56729
2191330
294733
1244992
311145
2377569
581920
1286677
1363144
3128641
3220706
284426
343801
1693181
3650121
7626925
3551815
2754455
6672131
5997486
21206
18594
4609024
163553
1918571
1372935
1162046
1173592
2278825
3806118
2434449
301294
3903021
227377
1424103
5143290
1266965
557046
1937040
880794
101638
4421451
7642871
54025
3131336
570588
257718
6288106
613346
2228301
295109
4321151
7840552
1201676
3703406
2988891
2912380
2889312
751278
6488019
1809195
581831
3236147
588849
1532561
419043
2095885
6048804
3630624
1354791
556557
2105023
522733
288673
35373
3607460
5994019
6205414
540557
8448899
1411777
425177
9105666
4297293
6226063
5719143
845938
2042845
641287
3017708
4707766
144671
1099408
222924
1744642
268516
1791351
3667931
310233
27899
2015016
6582632
2263761
1677770
41245
3186199
5087436
2362260
160736
1802308
4731512
5724561
2466391
557445
294282
3175845
3432593
530581
518950
7288555
4997752
9200920
3404829
127204
1590024
212891
4288183
2731908
3255903
539642
4758
1230905
4795332
468991
171379
7670036
37635
1791826
981918
793577
966554
2985396
556663
3249427
2666164
8168623
655785
635613
766667
3418825
1877461
1030978
2120021
1934928
1960380
4668805
496721
240706
233918
116242
2276094
5033424
6720358
1087334
2450240
3503358
820203
4145030
1344271
420669
4206604
1063643
1244688
5576991
1739549
1073338
7485622
240311
1354791
95276
3602736
1004075
500066
198908
906531
4871823
743791
379991
4936478
825600
1043698
920847
4499011
2331372
5342913
2219021
82559
1883643
1434976
3082518
2106018
7795885
2378309
2809953
1123304
1818913
4371506
3125787
1001107
674020
1856307
928869
374715
263617
674575
518785
6638784
1393892
2583754
2855603
2396101
6002699
518440
2265231
2284096
6297656
149286
5954457
1252840
1078253
3984740
4321151
2149220
3606263
2869826
686086
3176840
56299
3867974
8198751
3943467
676908
5921968
4268175
410049
1456991
5726250
4631752
2496666
6272616
110557
542295
22768
6729428
3764089
4222195
325350
2620826
725927
105598
3850086
5952465
6276948
538257
2684315
424350
1516991
65534
558444
3650287
1090235
5778279
5406380
4690608
7296056
2465537
102882
416456
1975363
2180476
7799953
1406027
8175797
5703718
65049
6012995
5623078
5610105
495148
1087334
330762
4328819
3473878
102583
1309977
2824755
1243566
2539679
1460467
324106
6878085
1073384
8278181
3379711
64656
5429624
6734903
251082
1611742
1663895
333596
1223534
7548755
1099957
828292
2599846
516758
5568384
1014769
5846972
5242186
5631351
5443148
674977
6094773
544304
2722110
509266
5875654
1575660
671847
1093466
396686
2570598
6846620
1668549
4215302
4232165
1548222
7845263
2020978
7428562
3256445
2547291
1137051
5492561
281737
2103113
471540
2107012
34170
1664538
2058655
995298
1671192
1349664
1244285
1186726
72063
7636646
1511173
737211
1199561
111804
4629910
6055640
5609058
1390768
5757948
1026559
368067
2177991
4593759
1394169
1129190
4013227
557737
2713602
4293994
2771693
4577455
1537208
2048775
2249836
1423297
8761806
861758
40313
3025416
634882
131238
3344202
2194037
2329374
456140
6332943
1555595
2049931
636615
2550419
5569196
266646
5844385
2460251
983028
1018482
775645
3367484
1803605
301294
6523375
30731
2730200
3668901
394518
228938
232096
434019
154495
37635
1439617
3488992
1212339
482596
627100
7214062
1280203
2631797
2766032
7363219
700608
3235884
40074
1451820
797046
31092
1170206
7840123
1693181
619128
38041
548112
2717193
4535154
230536
1017395
506119
3420457
1782210
7090479
1661802
4128621
1962152
1981667
12288
2606872
4801235
3481808
779799
391750
8101790
5394827
1550097
443635
4330454
804185
1543814
6738451
114953
625586
374605
172244
2694143
115538
977401
1836382
995796
1939445
3563300
124354
502449
1462806
2396726
85517
3691056
735555
1252450
4073763
4666101
1415029
3002251
4734558
4953349
3331565
898946
2015286
4508921
901680
1195691
4145794
494324
5758469
993691
8464774
5531262
23066
1023502
943045
1132559
421632
1609490
318397
198908
5234694
3340904
3098714
2578949
5011660
499812
1116933
3888473
2049980
4669637
445448
5553248
4039018
9146045
7930066
4795040
3917614
4412946
859990
5973072
1508035
5077994
4614046
924013
3098116
1242123
1647756
341996
263027
985429
2641886
1841945
3540337
2931178
794081
246030
779818
4287987
923882
4361323
6429352
4441442
156621
6148194
468991
298939
839950
2077734
8288797
3862039
1783180
7143656
1985512
1666213
759873
2538290
2307489
1536528
246689
5896009
2209370
177093
881688
292763
1522465
4140656
289720
80817
5838056
32555
2093141
3149001
808466
330044
691235
1094244
6224944
9434959
9503796
2811453
2055713
5096032
1932235
4159041
516177
1236288
5902070
690655
143270
2047285
1140731
6859830
9229284
739377
7079447
1491897
391943
7154495
530581
5863325
1436271
1037582
6062921
93285
769083
4821847
4558563
655994
1905406
1617911
4317919
495744
114742
1683401
71850
4320869
265905
5651463
1599078
5751066
4403925
2307719
8701915
1286677
54753
4509465
1942059
1704092
4920163
6246124
3192201
4059656
1261896
3349387
358064
243518
6213407
634360
6035765
630648
231062
1216379
2453286
3562727
2614583
409182
687127
2682245
1988425
3259076
1706084
565590
6162997
1388739
1732827
621843
5841825
2539662
5647507
3771374
3422995
2616465
3339293
203358
169997
403015
4762708
354972
4015106
2535866
1092992
473348
1940016
3957578
265395
1156960
4318682
412132
2863436
128345
734376
701892
2061590
1614274
7463361
8304234
552213
1311022
8835960
888786
1048376
613997
3107144
290319
1288819
643857
1960442
6146389
5205767
314602
1263299
2411029
39700
3871346
77699
2286941
4855001
6150
1472880
571970
1412509
7586291
3057555
775645
2405143
1281536
5350297
5218871
60315
32157
4765367
5794004
1427682
5621624
54402
264724
734159
4532168
4576496
5433114
3481693
90859
603522
194815
858229
812167
1350144
432879
7137787
5779626
2629225
7787
1134465
996550
232198
9125811
3606263
7799279
5047202
3310138
431420
66838
760555
2267916
902252
4499326
298889
7773490
38530
1551468
793577
1368689
2317113
696442
1603188
1368545
305380
441530
2886243
881800
813971
2887120
148655
6635520
3780327
3690730
1315463
609277
4125352
952015
3067923
1188950
5052212
4180191
5449683
1230236
176447
46403
17209
2953234
1376560
402710
2855603
2374022
3766608
2015221
12996
294192
3810362
507404
227791
1125020
566365
509806
841665
2244532
5120043
3126143
3393136
3771722
461508
7210764
303570
99523
3952689
450540
3370225
1226807
7716387
2398571
2596047
1300961
278915
2223500
3853383
1188851
1322962
2735381
3457465
104283
1165302
2219205
1830938
3725492
4935187
4268383
3751893
1322962
304981
7223631
3258166
6553914
2179075
8422894
2665911
1459987
1903035
320965
328483
767219
730667
980
907349
2543234
851584
1204149
1296628
2786678
4323280
3911346
3827236
1746331
8964281
3927894
9221849
5249097
8152930
2274372
1108166
46965
3862869
2268733
2544644
4045107
1159682
64859
420309
28572
4161540
99606
31831
1059708
1914120
52865
22340
854380
2383996
948934
2600792
1267251
1156293
2245621
469298
1160223
1964839
2784560
1235639
1779975
5996540
3045384
166530
1947404
286275
6381242
1505625
821963
7639146
2022992
1269390
506597
137151
3024581
917869
265905
712899
2804807
672431
858581
557071
741753
119186
1289688
136896
17552
1484313
1318977
5285126
3859366
4442612
2527199
3437702
535008
1911183
948569
2735941
759753
2486378
513387
174461
3766761
321909
7273105
460390
3078351
1300667
756443
637705
1964952
2634388
4608460
94528
3013469
2845647
1656136
1105716
995412
548731
6103363
1311217
2244736
295922
995538
2024971
1968034
7065501
5207089
7474971
7605921
5195352
2623038
8292664
353506
7662140
175097
716249
722882
5101335
372679
512295
3472987
881598
520016
10453
941105
1360360
22951
2094613
868624
1854741
1044544
60994
3984057
3073927
446371
7632452
2544605
2652205
1059215
8826362
1473296
861368
6637390
1072377
822656
694312
645672
2169336
1849598
556428
5007661
948502
7020765
1936467
5698734
2433648
834723
115538
1293872
506478
348429
3010038
2311876
806839
1503910
2296924
8099952
1261184
8070357
3231936
2498715
2572306
2829768
1233560
3452338
4051983
165820
4604287
2363598
7092865
1657017
4307482
1146255
4375990
265395
4140826
4666186
1329530
4016270
2960386
67161
243518
1628017
7096531
1275577
27952
3753725
4945522
1313712
6497162
3749330
3544188
2207695
1752694
54138
443944
5052939
5322874
982869
49671
4191313
1226312
39700
2267444
4003129
6590257
1246697
342085
1184871
39530
4624067
1725364
4013526
459799
2744039
4482090
1888300
6077161
4213423
822660
398857
5624340
1411777
135995
2746817
39732
4998938
1709378
795351
4484772
1171561
766032
46532
22712
868627
3421294
6290481
1331739
2097151
15094
3703406
851551
812981
1135977
3850398
3016729
2987434
3742308
192029
4255052
3493044
5373832
3340700
1688601
2983825
438308
782365
437825
5363325
121320
1509499
779751
1228857
4074627
42824
1291169
227147
2803636
3380843
4561904
2608797
5324415
202080
912051
1175844
64574
6260977
3618187
7116812
55798
7195836
1443531
170936
3731424
30435
3601136
1704092
4489717
990706
4969030
359127
2632431
5401146
1936544
5927771
1302247
6974280
2060407
358652
2011549
4451258
3725903
1600743
7781812
3924929
3859783
172261
48395
1846809
21727
3581919
3364552
40110
4390625
4663465
119083
4495407
2067531
5732898
1887009
1499884
172659
2580084
2219837
146580
541256
2019548
4786820
680422
4730628
7018163
2745392
6272195
4801235
1344556
7514066
1165356
789824
396046
301425
3462160
778610
64428
3359000
5894986
2747744
4341901
5823624
4301279
1477466
109962
575439
2772217
65278
6092578
374916
1667245
1451012
999687
629746
1022234
40313
1243271
2234782
630080
25648
179654
4791885
245112
1337061
3820747
8651290
3506864
47997
2065062
449490
537525
3696272
2558996
3754952
367744
1170964
231610
1296412
107292
253951
3858930
901861
962483
1698167
2990662
1028672
400236
395664
1655612
2040013
242000
49346
6665619
2524066
766667
71442
3005663
1300191
3995426
1284872
5988630
1362844
175590
4680488
1788039
5485823
22861
5267294
2744657
2120256
4480
6250197
704153
1695090
1501230
1978046
572174
2921065
403388
42830
1297710
6989813
841665
1848229
1313965
777565
9514748
11237
1138656
199698
1130126
4567903
1600499
134478
4642094
1478781
109423
1247257
45707
2773592
846333
8616873
2213566
2229426
4566611
7015448
2181778
1054378
1929883
1148353
2291957
5857798
5247296
6467532
376874
724158
2174676
892638
596232
136189
3622343
6354133
6038242
1321437
648776
4370919
1740650
868057
1564989
3068557
4289727
707880
714061
6034016
1736328
2686879
4611403
282968
7174519
847182
2193162
282494
41922
2434947
228365
6187348
8518251
679214
6659250
951112
407511
332124
2658348
46532
1322943
477873
32534
810816
11393
2567718
894923
1729895
2072200
4286981
6929118
511570
106690
1549764
1478489
3210154
2128849
932933
1485748
432931
5006217
715099
6586237
222113
2008727
88573
2176553
237356
1011303
133737
2186101
3425467
2360570
2106390
2357337
1229205
6434888
2858699
8250522
2745392
3827491
2935615
262023
99056
1094881
747930
789544
4777017
2165336
1064990
32765
714251
1656528
7608261
4458790
6797296
2094044
6809526
1656528
455056
1010413
937332
3324257
5355702
913319
3205814
2962720
3876590
232528
181182
9010567
31775
2889188
4072431
595958
6151364
1318904
3918339
4248294
507184
6497584
6132938
6075292
4780346
3757295
2017448
3791239
2122873
4965751
1297604
1185531
878923
855837
1948791
6234366
512819
10453
5508042
2354714
37407
8999768
2147179
2257795
704242
4201776
3050777
6427956
937523
4185211
8781846
227593
3035537
340376
3540765
2710111
4399762
969759
258759
3414944
513966
5575005
1027049
604896
6677571
6387351
364750
519291
2169301
1124674
4109594
4040464
26765
1828866
1518005
2650997
6191949
1709612
503527
489870
2031430
1761145
1709038
5780497
330762
991925
7165295
1063643
2420296
1126444
9154961
2429402
8366133
663187
1328930
1164673
4274985
62295
3488642
6195619
1835201
8940238
2629564
3825775
2205142
4340068
430726
3725492
2184923
1355674
70642
896129
6733096
3130797
1319034
17413
2269911
231610
54921
3308812
122738
2575408
1932088
1955333
3551113
2905529
10589
8170686
942674
3783289
3854634
2565207
75067
4827455
2176219
1970635
1779722
659151
5071580
4825152
454667
2596171
370949
539727
3196396
2911272
3431538
365017
5367033
7071261
4789872
8651736
4440
1206457
123096
128396
2121284
2036097
291449
2012746
1731155
108275
3116295
1500015
4861406
5722978
374087
1507279
503347
80886
56186
623464
3438572
7783270
4395996
3046857
4511364
1252542
4344344
2772229
2230522
330762
1480443
2822340
5038180
749516
2683068
2513759
3604336
8722917
2862515
7790401
590360
2116913
623424
299995
1092669
136628
4400620
616302
1821867
6748518
536491
2119194
767768
594869
2888181
2134655
1978463
1392599
1911653
1947126
261263
861203
929861
1448248
2495946
1748334
1845806
916542
1434998
419639
3288005
2130849
339014
2186714
248397
88958
2525621
2650052
1960644
6075224
609277
2013620
4688765
920515
319566
2256630
1914287
2513965
893487
125208
3664987
3599210
3774763
4891111
272469
743358
6603522
211393
3661878
1033187
5005571
367172
3825256
2418584
2356093
3534531
339846
4342257
7164672
2321909
2829688
685570
1905952
4067330
109423
1730785
4488692
4004217
3679847
1384133
6802569
6450136
715393
6458991
5296445
17552
5497
482762
1810373
8712894
1720208
4039628
1859833
54578
1614741
8054821
278915
329490
1412193
36416
6846296
3995148
3987854
3000573
530294
771758
3847690
5270314
922963
1838226
5953585
7835474
712036
1209926
4060394
558043
7147
3071790
4624183
7761163
5445147
8973012
2651631
2230671
2258554
3774338
3755379
2166517
1471752
1178785
1827405
1703795
2633312
3817377
283989
4524464
4077424
129322
1510904
475395
626233
2451426
6034966
948146
2566281
276075
2540063
2928331
7358459
2987692
2147708
354063
2704650
2992156
2079917
2979997
219602
1961517
1177059
5126286
4734515
3602725
5294668
7074016
2052317
752397
2148911
3971716
2829912
4322756
268692
36613
9097
538451
630070
6107796
8640177
1598766
53521
2415437
820674
5906670
1806308
1159838
1081905
711126
3300820
248029
5023640
946781
223222
418728
1576573
233918
5305779
2568188
1963015
8766702
378451
3072833
261868
1513347
4606080
6311263
1517811
6331710
5238899
979413
1035320
1069793
1507620
2714329
2056638
192869
4894047
563670
6176671
5752871
1665005
1237957
6407919
7963645
2183988
5240021
1824571
125793
35254
7492675
3921856
3596098
2592802
721249
4053709
197773
6450788
124718
1489577
7616452
4900761
318068
1002825
2946586
2627461
1287103
4617738
75472
735007
1288240
189853
4437738
2237620
7793679
808466
102200
4165179
288545
243988
271787
945397
4689362
955725
4151760
3150528
240253
3555433
3795649
3409742
1513240
1564852
142046
237978
2705806
1095513
1278264
344407
2356369
977486
3165627
2560027
1089610
2026769
7329670
2894824
389007
971983
2765157
3873129
87953
3637013
16805
2040992
4803209
5634896
2843956
4714927
4168297
2912844
5107209
2622544
4080769
4694338
7632945
1539417
704952
1772097
10651
264976
230536
864212
4735273
43136
5149552
826562
110557
4006397
5323890
3108678
4153123
2146823
27690
3168682
2082934
3915224
202798
3983674
7717861
259969
1795263
5017170
590360
4013295
1510658
1985941
3195415
32901
20964
3065562
1165302
1371095
2462431
3701189
6183617
823464
3694400
1431360
2276094
2195074
145387
7715093
273928
456392
3702600
6408316
943269
6082499
1562610
6677873
1806468
6583316
5165827
6412140
811300
794883
540753
2252761
1963223
490079
5776886
4196571
815417
7539570
1753687
758840
3823554
2257151
4639812
853088
225849
342572
2764997
610266
403367
4860419
205938
5053225
793406
2700808
1166018
1230092
5291076
4382371
177281
2259280
183975
3810989
5093572
431558
109643
352212
4008824
2660519
3635605
672456
555695
899519
2816195
1353105
8704547
2481873
2544168
3632866
653577
1383121
288353
4160804
810192
107741
58336
4062096
1886401
318767
5457187
1605801
389973
1173592
405201
3211376
5822314
692706
8399155
4003010
5186488
239321
275926
470305
4101242
7189218
3977364
1459954
2905580
5025133
702645
1900148
5904283
160429
2410807
6544601
5607717
96787
7311714
8395703
2268999
2643152
2251860
1257175
1166384
480986
539087
114128
431218
423808
5792491
2558996
3495797
1940204
3605558
4570726
522956
4088139
846442
3932656
4690954
2675142
4198276
1448628
5246428
69106
4539274
942929
270664
2893222
5824362
7916096
268682
7324951
264063
1368689
698384
2093528
2734065
683840
105335
2985200
2621620
4587301
967567
3507349
3034958
530294
1371968
963802
4410781
4559472
4370846
621639
1399527
227377
4113919
1961902
1130257
1051981
4593759
1760517
5588879
246008
1470266
2118962
767219
407432
1425597
3426707
1461370
1124411
1813119
2054455
2122845
5474691
1096974
37365
2634388
1610129
6523051
1802575
1628886
1725676
2903503
1863237
6427956
6283153
2705186
6337338
4855308
2125824
1376652
2990255
4558154
2602719
392060
712294
1709378
368009
109643
580577
986800
1391116
4213187
3308928
1772241
3887905
2311678
1680074
1588892
36416
2118838
112658
1492664
1129981
6883635
3100342
321833
1075796
3934637
3091499
442356
396046
2413459
5594036
1525021
2023450
4978572
3277791
3277574
3766861
339756
7304467
279577
819434
6477258
1467927
1306963
1478415
4756226
1642033
2511015
774225
665472
166984
5971609
702722
42830
28284
8588786
3589013
385792
7493059
977997
1408976
452168
956053
1688534
463783
1492936
357548
419043
4121172
1908470
7031254
1723385
1221080
506643
192693
2030226
1953551
1230202
1228857
5684396
2913220
5779789
1003257
1584989
674021
5215003
2132053
646549
471359
1001731
3561530
4568196
759765
6137296
3330165
4417014
8022738
4579701
183584
133284
3109160
6380985
1551182
1667245
1335120
491596
433030
1736288
496291
1736317
2834200
615095
1204473
1723615
2536804
2483171
504063
4553916
3078032
3941020
583147
318767
277461
4938747
526217
114953
3660216
260697
5579503
4746199
2508137
444498
222924
4300161
206476
197819
102299
2411130
8905839
831759
614897
1598141
7479
3294550
4787101
2451279
985901
4085793
2675242
3364552
3083711
415954
175819
677634
3224295
2527199
3075033
3327469
6248893
128345
4372413
768668
4407616
1091231
476592
57537
4385006
1265736
3105921
1320874
441530
1501751
754441
1752341
1148030
3335513
792198
4163656
2311399
5584699
855527
7833459
8632
366086
1891342
1778338
551024
499041
2921344
3725980
7553267
317501
1704635
347428
2649954
2434008
339053
6348918
2742462
8304311
2913544
3073825
2875797
1478781
3161596
1682900
467656
6334224
6376453
3935802
1572677
1446497
5401269
3394000
4590606
4046253
2903734
570588
84649
1230709
4573486
88475
1804293
3746887
31821
902992
9222521
631135
130308
635444
2012841
374096
2682628
155182
1408694
1777075
685570
7747477
3495839
717227
1866288
267096
99353
6464725
1530634
1117896
237969
622243
1327765
4082362
4186760
1736317
23100
701696
171988
1785132
1010723
1813258
262023
4745613
1231277
1549071
3224075
2498428
4092773
430907
845620
900147
1324475
6717395
4484759
1097472
3641808
4301296
2023605
1887009
6322730
7444285
883805
1456462
3100027
7882402
1595474
4651677
19203
626423
19834
97386
624014
1182946
6456310
1499365
3008534
281737
960266
99318
3896707
44463
2808994
8632
8942866
7923765
8851840
800555
511374
6553595
4699922
222389
1489385
850525
287895
3134745
8731473
2162280
1392599
70067
5533877
1268248
293224
482931
1001731
97386
398133
3468873
1597036
87446
3415821
110895
1637105
3875898
4235517
1607463
1186414
3688499
4501502
4780863
1316631
2689295
4333411
6862129
1188850
4284340
171898
3993086
2512539
69925
4785892
2194830
4027491
775366
1499737
1854656
5720995
5475567
1170206
1226392
2080259
4546205
539704
434019
188335
3380658
7314697
6509445
3269094
267925
88644
2309453
5836378
2470
183732
672763
3045384
1344289
1831792
476659
3053738
3920242
273913
2504352
1988607
2041854
6913883
4390981
8128904
4378707
1599078
399321
7094299
6152631
2592386
425409
3445456
4014131
2591
3279317
4567568
2968960
1828312
599903
6448674
3197029
3057562
337070
4043044
2075343
2452223
750255
519521
288024
148583
2584032
7149199
6397407
2004864
5459809
1526075
132359
1471659
716621
1384467
2715354
909972
1852388
2388625
1341176
403271
4775785
2865240
424970
360137
396713
39700
8198517
2006923
220906
227791
7112932
3384658
1366457
2248449
4544174
2905060
7429123
674076
365402
327541
38041
953855
3894444
1019869
2626938
1059297
5310718
1410525
1013638
192317
8057231
1091083
1428495
649722
974734
8276198
3624661
7280603
489687
1708882
2327806
260644
66331
40689
410622
830337
7699887
768357
2385563
818213
5685021
283210
3513232
2051733
1011587
3368235
3419478
1941118
7397
33323
1885315
3936793
589384
1810462
8979855
508718
514813
3815376
6155466
8931113
170839
1903996
501099
501202
4060394
137893
2126648
38784
2164296
344283
463509
5031244
6298016
2665250
1246073
201163
445878
2805864
1000783
187617
1275375
3353337
851736
2416093
6901406
140551
3000857
953435
5001352
4340803
3004107
2103691
1053702
2109228
5147874
3953637
5150895
3200070
2568700
489306
8804303
59594
5257171
1230194
1902299
3383529
7274732
1918450
968601
666151
81967
1326092
360212
4248812
1076459
6799280
2687523
2083164
1452338
2567278
96226
5231144
2609140
2110323
1343222
2711304
1028023
2889780
858950
8019688
841757
2649549
8738418
1398609
1238295
5041128
6281141
4051570
9190192
2489060
2091351
1749039
2219888
1522686
193287
3516017
513966
410102
446334
1088058
2128258
1441082
1164332
1914632
1209542
1416656
4004200
1124674
1781541
1721502
507552
1803707
1022431
104537
6879251
1892454
590089
2094103
4325607
1112416
1362612
502676
1847931
5719609
2492077
2879248
2719777
1287657
1331350
192794
1405951
647633
8454493
1174373
487791
2512992
75115
4049863
1293054
91947
1265616
8965968
858180
4551425
338141
496679
6406327
485040
1281069
8289941
695508
1936319
2396848
325350
4814265
1739607
2071543
463582
6377439
2147708
4844523
1029211
786343
3684623
175464
2891940
1010881
5962449
600854
4726071
4878377
148583
6501165
1830007
1750681
149286
597498
2340676
4036129
2450940
233918
1106542
1508340
451479
636056
2147708
3768500
9721579
4426997
3131913
3102994
13123
704802
716986
1082036
2125284
1192741
534512
171991
5767614
1876027
132642
495639
4810116
2917440
3820416
2678095
946559
5241061
5697684
5333
610305
1638167
1383120
1283934
1205052
538451
5976504
3654168
5796344
1289253
624212
55933
2770118
574945
44301
1189745
3356264
4265749
2963065
3258665
1545993
3858238
2480280
1854338
904378
971983
3872773
1439405
7505108
611288
5287092
6092806
5972192
266646
5871553
13465
381879
610281
347732
702110
3707751
3762891
2468164
2472311
2786169
1676858
1164028
6548076
4066449
66667
62297
2939544
2258554
1278732
263471
66838
1352204
1822135
4480606
3763764
3167574
414824
2290466
1435624
927424
2216681
6346141
2495946
175464
640466
103044
598414
2355834
1062892
6921129
1211951
351354
4592469
3054918
6121983
1026347
124471
967013
5095563
2006923
4191013
777308
119209
120951
963802
2302904
102713
763394
2966503
14579
8003354
4985340
4067736
1407000
5768645
279333
3528881
2298779
2240914
1383413
2279289
6345145
3517955
83136
1046058
591212
7024047
2754150
10589
362687
5530866
171991
5236120
7018194
3920894
4742173
8177296
1438408
364868
19895
2854178
2098399
30731
62118
1388725
2478551
934659
68324
629288
4639220
62676
263904
4033179
4731310
287611
1370011
2285395
3687379
7699802
89098
1406673
4060778
619562
1453837
74730
2189443
230723
483353
101638
3410456
370373
5362879
883507
1404356
5923158
824071
1630537
470871
2077598
759747
3825239
3839422
445878
6793384
4477621
655994
1848489
684924
3455684
2517886
310871
1309653
4495
790019
126539
498131
3625679
5095522
405156
3095614
427091
708416
5583092
136496
5478976
3584349
1387604
3616455
866349
112618
262023
653011
232207
811395
213151
6137200
2380101
1754254
2941629
795351
357578
2805950
951112
277386
3157530
2030292
1257739
2108676
1585276
3015914
5248661
5979668
3626330
2186084
2853649
82688
2906115
4657647
541156
2189119
1784757
20964
5511276
3751592
3041204
205093
310991
2377854
6636426
1251678
1436831
868117
896485
292844
2352231
250198
110895
8354174
2992831
2675651
5243543
1087323
289131
121337
4689097
2586497
7156503
3039709
3272972
3829860
540557
1845654
1120184
4011570
5226604
164894
200531
2436165
2012597
3782225
2374324
6090567
5569311
205008
3826576
637017
918713
3903021
3262986
1740383
2763817
3866754
5970819
3845438
3370225
7514114
5399279
3597593
5080069
530110
630648
2176725
8083904
8939891
27952
913177
3429963
5324415
466350
1245559
4409880
1939701
1495640
297934
1560032
3257077
1039294
959174
4741081
1406766
70642
1244285
5893510
495744
365017
1308146
5114053
201380
1105742
954498
518254
2710759
7965891
1494534
4105806
1556018
3462252
4561766
5396618
9500540
5485803
1040444
9364431
3994349
4612041
502500
1274506
156428
1380642
2521235
251953
531479
806099
2044987
6305777
2195872
4251941
3114970
214737
3250225
520209
934659
1935095
8995182
6711856
6969607
1557993
922963
433830
87133
2027590
904041
2662914
243337
2468097
1368923
7876713
587371
71997
1628885
675340
5145156
6596118
700250
3021127
3075033
3413686
3303720
8029962
4721100
4846018
2093741
1614286
876283
734546
683496
548753
5199699
226829
31122
1671936
113368
3279002
6498897
4631134
3758311
84222
1306963
669918
2103269
1288032
5473495
370603
8589604
849437
3903991
2998448
7516226
1020234
3786711
5050031
1662209
1380925
3416224
5435168
638367
442827
1078451
6096974
7305125
46178
422140
6106035
3559474
705413
1649418
1304971
2403554
264124
7479
88002
3301867
3396494
796112
816034
1619764
4252748
70067
2133164
3162497
4417310
2433981
76435
5221285
432071
3995426
75171
271727
3503564
2359731
904490
1626461
557445
4935037
1787992
3968253
4424552
1306992
5557302
3857178
1360601
36419
2894738
3974846
3319054
6596118
1927484
1947126
100277
7375206
2376546
6946906
26765
708412
2584597
5566411
2577515
695802
1231218
485914
171611
7617503
4939682
300161
405386
177658
969508
7388864
170839
1929391
3163328
1243271
4593852
4255052
2195351
1037423
1746331
288663
3237053
1548317
109962
3184955
272469
90704
2568522
166984
561394
7244493
1249608
105335
3200793
181979
77072
28254
774663
4306696
785836
1654953
1623806
7156651
316295
4799780
1301978
1087323
4130164
35339
6716188
237540
3922365
2601323
2814327
346937
5994572
1968715
2900593
7165530
351910
207403
5702421
3327644
31821
2101680
987050
2648110
3012617
5287092
3558992
5501002
1210979
1217120
2257494
1582231
758840
1004971
3481983
1082274
46178
2073217
3624167
7162472
2392701
8383733
3334320
3735533
3005610
7289256
8011625
3146043
857951
3286146
1049989
4410228
346158
1050574
4826275
14176
513662
165089
1244431
2091002
2038774
7383528
1075771
2211714
50281
7117481
490545
3826576
2416153
3467061
196148
5244647
6628300
1142261
1193940
324789
806552
6544732
5124132
942592
6869573
3134430
2630243
392679
120506
3017880
7662285
4874263
665591
1890874
6646822
4954969
2018375
19013
3161695
4317611
557691
5902363
319581
486832
1510658
773737
4669637
15032
2700369
4328857
307667
171764
580059
114775
803075
2437495
2472795
2340297
1212006
3496228
1765258
1084893
97759
7839549
47639
3357199
2083414
424441
3935001
1856379
19013
5372047
337441
1738199
2744769
212744
2752810
1002537
1129067
55933
4264234
4384213
5474619
5515786
1473373
10807
1898053
174430
2401372
1058122
6100566
4296733
3722371
1255395
195049
647633
5593838
1542752
4942750
789739
1315823
1757215
1096635
1101358
4354826
8757849
856139
5256497
8307400
6177793
125208
3886615
3968861
1816558
351330
1072284
5404281
4173887
3882410
1958845
1117169
102404
1658034
5839992
2075693
4978202
1476526
2414444
26933
1958889
1291184
3048859
3180000
5072232
4052213
3869796
2286011
3005460
3373137
5289220
1483421
925439
928554
1713704
600600
637705
4137471
2889408
1200726
5734054
483353
2246686
3314793
1568461
2742811
2832546
1970603
37889
12736
746991
5742977
1979692
4790805
2975364
49671
537837
176447
2735941
892638
902375
2796597
2682628
2611678
1684364
2454692
1603518
2576715
2152791
1575660
3885550
6016069
1619777
4533251
1635953
2035448
1857893
5424256
436136
481787
1286742
1342615
621266
1858178
1541700
1243426
44276
1527737
1868640
1637105
4389941
4112318
2846933
1163657
1552126
3696628
460673
4091540
4302188
2035715
2284785
1841215
1427682
920220
6247973
104811
8944954
3451767
460991
2862276
509518
5887431
1946078
1951641
1490480
1541729
1270952
2512733
435162
1904993
24978
1663388
2247764
2896830
953855
843104
4636663
1718320
2010979
6412271
1251894
2133970
4259003
1276241
1201010
3941597
1718759
158533
7006825
75472
2736434
3916287
2994815
6848768
397919
5636409
711126
3924070
8173928
19216
904998
1018482
7043212
1049564
843934
2449212
218264
3079994
138232
332806
2115279
342572
3719612
1001591
5230940
1315823
5126407
949952
1463038
3775865
4052188
3218399
2876558
835073
234744
4708877
3224382
1582350
14338
4964388
1162495
5124397
1224689
7231893
2146660
2317539
834896
6126082
597255
2389406
175682
28254
561217
609662
1631999
38017
5140071
4597691
5877587
2867737
3528316
1858159
2973475
3300910
5333
6405768
2561516
1737898
449638
4840805
6518510
4168140
4903212
1496254
1170206
2335028
6781005
2987692
1533119
5175861
802385
364668
3096006
6624778
1062186
2447995
2185491
324818
1190363
3127821
438308
1503020
993060
4789303
509971
6066961
708797
2253931
7342588
373168
1950117
2342208
776553
3319185
2132629
339014
1485108
1907912
733016
1731694
2972764
1545167
1485897
53236
8435258
369909
964958
4864566
4227625
2822432
178949
3353337
6187383
3138770
1958177
6249630
447524
26460
6512039
4588690
4217429
1573848
20964
99483
2096805
1358914
7131258
2087463
6339576
2396447
1280865
1914867
391616
5847019
7645110
1333435
1846730
6300453
286596
1309942
2027324
2818356
7127683
2893894
447904
77699
3740499
5074413
496458
883023
2602431
2643807
1217681
125502
6027541
2877934
4162839
2321863
2854814
3603368
46535
966554
650010
832165
1447587
5211656
2110024
245061
7523716
1043087
4287536
3170068
7820
8495408
1146792
1242841
5238183
4537992
2306271
2010577
785194
1886401
6854043
1319247
3332853
2734498
9865716
3919619
1087481
2992831
1445153
4229637
5369390
189480
246030
5465391
1193504
3295875
509806
450807
3714189
3005691
4256813
1199120
7041972
2556821
699488
730697
153605
615214
4690608
6283244
100612
1781302
54364
164494
1422340
3529417
1922352
2356832
2497840
2979326
6375432
4608114
1053359
39013
2774724
832165
4708510
2253097
1289490
1065910
714098
684084
3356264
873723
4983007
44469
547323
1446922
6671660
509518
4239277
5672351
884875
2398916
779674
625625
1380122
1458104
3439100
2321175
1373875
7619694
1592696
1362936
2721869
4686359
5427157
14176
720617
428600
4809359
438308
409552
2089207
185624
2591169
225021
1041317
351330
4762199
2350704
2229933
240311
2434506
230536
277627
1008684
2788083
2050890
2584990
3871020
891134
231844
1927497
2683068
1988069
1100061
1543148
2210024
2615660
951697
3057744
255491
2282293
2742987
840515
3126878
4822725
333207
56685
1006531
1308862
92490
79751
2783962
343682
1353286
26531
2018318
851115
5978012
381980
5527742
3337833
5328961
996491
702278
730246
6020348
1314052
35409
4521024
1491508
3838284
6757475
3795206
3453301
405175
7501442
178351
914043
2613908
3063810
185158
2096881
5980866
1782426
510164
955249
3627325
36217
480986
2862515
2438617
2553878
1777898
6359704
3821473
1741241
712899
346158
6346002
4727055
798142
1527917
2112808
5636238
1058994
95667
6189767
185158
424350
9344112
2163926
1301468
5032943
1829899
3914175
40083
1599076
199698
4985373
2733805
1277450
1819983
109060
1898055
1209077
26531
2423255
7627790
2576498
240609
6172997
2897450
5645891
1265472
5919486
211647
1599904
849062
5551936
4943461
3974437
804342
2506307
1359062
352212
988046
1721932
527106
1991191
21929
4898184
1767740
2944330
2180041
6857112
2112649
506538
1450266
415873
941951
5955266
2542120
3161702
1975487
508755
6629404
3846391
2611582
1610126
3587702
292412
339724
3917633
1453892
658522
3433335
256358
5934580
6633916
1548532
474945
395707
4458095
8146199
1052338
332236
1831017
1177840
4599145
362868
5719584
2046676
1186414
62366
2296924
5952420
2240770
3067159
1217066
2575264
2777382
810362
423009
2465729
7765165
2824792
634882
2889077
1865720
9461447
2186600
4576057
2235125
8471427
842831
162865
908490
656692
278529
7097003
5077685
222074
8710091
1104806
1680323
534630
1459221
813500
66534
431218
2651631
87076
1386102
4641599
571702
1296547
1890259
7237514
417866
1339578
650644
5470505
217293
2630170
176563
2495811
4746953
3942207
1718588
2335378
164342
583688
4393085
5070002
2129741
4916284
472590
1260288
4895128
7372173
5788280
3104849
4114740
2485215
5128893
99056
2480463
1449217
629234
319996
2148715
79751
2650582
1456737
7327591
806733
5609662
3584019
1054739
15410
2846933
4310574
2710759
2494644
2260717
678918
294909
3220400
566485
2091438
388286
2599846
7944255
3589013
9058072
3811035
1328236
2795819
5411394
5442229
1385585
2980672
725459
126529
4497071
288380
456839
2856803
182363
4917678
930314
2598482
1637409
2502926
2495249
1043339
842814
3098776
5238107
203358
697410
4160866
4017366
3626712
2134749
1761145
1077707
2592870
3734257
487648
736149
2181701
2463006
1878873
1230185
6363830
825179
6693336
403271
5648251
1765038
159184
6302051
1253722
1360808
2945913
6696359
13123
2548544
1090227
9364
1129225
8320185
324397
2073534
3832786
688477
3370354
3458064
7132311
1993912
70067
8806202
7362065
2550586
3785508
3097771
348152
3441361
6685762
7313427
2437213
4891111
2566281
2805639
34116
30394
1497720
4896334
4846997
175097
193926
3294837
1643636
1372108
2252816
116310
3395427
3478755
426246
3960249
1632159
5098584
637472
2697613
2079363
276242
111628
936011
2451146
783800
5954467
482105
577544
4039567
1191421
6566641
130300
6791058
2550419
2416116
2134690
3290286
4004039
3381159
6214316
1716367
20463
4734558
4636744
101638
3584
1080018
765403
1052394
2506984
4856616
2677860
1350144
2342492
1819927
2202070
657974
486335
5077778
235479
1888300
374087
1135210
4302707
263471
76914
5257749
122163
7234263
485083
243373
2234943
3717425
3934417
2885902
61192
815174
3903163
3999254
1679867
4869323
3774355
297588
133948
2066054
1977048
262523
2262682
3333755
5354539
7359700
105266
2681011
5973920
5578612
893885
4103463
310210
1893182
7114653
193876
3727952
1398095
1824956
1827942
2661650
358843
967561
3200069
1058103
1774739
4404881
6829027
7309893
2436036
101608
1642911
4644027
2241736
1303862
593888
633359
2646661
4488872
1730448
601901
1573400
69920
4649147
5057099
6636069
759261
2971440
2813843
7945490
523964
3022853
546891
3231886
4310241
237752
188335
1422593
131287
1043357
3123696
2996673
4454046
182363
629967
278225
9265635
1285480
449638
2835879
4821847
2227361
1516
1163808
6228668
35409
26765
2566281
662171
2031706
1415029
5638889
3476427
31474
2546757
3445772
32319
2495811
7500438
425434
539727
2772605
5544249
1451491
2281824
4144325
4302033
3099141
282971
2720656
4893166
299834
2134749
6122847
2516338
1561821
6003267
1700316
1032920
1640984
1905031
75779
2171306
932242
7053379
3533320
3123217
7232088
8097108
936011
487123
1969683
1884105
3551815
803622
398133
3527617
618005
1719034
625586
141400
442356
2535552
5950565
714300
2037613
2591
1592427
1696153
5870692
1314627
6003621
2082336
4461673
41898
574899
3429954
627100
3457135
4901412
878611
5479930
66838
2926504
1774739
3362566
6008808
3884746
275652
2220036
1691530
3267016
2717380
2326579
1090336
3981617
3359252
7849737
435076
2023212
5614429
5272123
527650
4502605
8746703
406860
4113919
6926909
156576
5565898
1111932
2694424
7763750
2082460
4114703
3226049
6144756
881499
365195
2436407
1182127
1471431
4253596
3906737
6418553
2900412
1936563
1166711
3723398
1067245
4564233
4089335
6378099
6591328
8592625
2333023
172666
4005281
7125510
5201842
1754511
1869530
39326
1964952
1326286
1448369
5044567
647831
3904617
158433
1212995
9945
2066653
6386763
6989222
2351349
3999277
630648
3075033
1605
1581980
704657
232768
876130
1062624
1669313
3899053
1739309
3026667
2567178
683817
116242
1226962
9175462
882102
5360591
3986743
172890
979432
745176
66534
4795799
1876849
737874
5632744
799675
4308389
271916
124718
5316406
259763
1353506
2126146
771838
5247787
861678
1060710
120506
4326549
1251670
3126143
1442165
862528
4432502
4036273
424683
2806243
6021509
541922
2234882
3552671
2170399
926019
489268
109962
1249608
3700984
175589
2544599
3676809
22340
102404
1293054
1982538
3491775
5080869
2803636
7757454
2567278
53622
1451012
76779
268682
3579737
26531
1503071
6733012
5358329
2479387
1908485
800687
391102
1944261
2225753
29034
1573400
1037292
4522517
1207613
6396876
3954451
1752279
1447032
2893790
6018593
6180268
324574
1109630
73661
122808
259317
5468743
203358
7077352
2455276
2037613
2896000
1608391
3829799
1599061
1985775
3247077
669331
5210577
3159079
2889408
3842787
3872739
3500714
5862029
518785
444020
4927392
709804
6774864
398425
1539326
388693
3739582
3823204
9086
4544218
2665250
54402
3086322
1499563
2797355
413575
1043339
2835108
3438899
425285
57786
2164296
175648
510556
1589044
2051265
2580650
1930918
3808891
391932
2213679
773685
314711
4219555
357548
606777
624581
260974
4907201
587201
2201182
6532774
2052944
2136567
4199101
3051844
807638
3835127
1010435
2990767
1893182
610567
1573762
230152
3740341
2077911
4851280
4463279
661941
3843296
1313300
7126593
4011787
6074321
367196
5888468
5275655
6190819
7141511
2767727
682851
821063
264575
523762
2320420
2503804
3930210
3914001
2724095
5134762
4226810
301564
594758
449638
1746350
446371
1041317
1022926
1646717
747487
3736910
1123101
5748921
166388
1491871
891477
23066
789739
5391264
2484619
5706139
104021
4489118
6897140
744429
6900214
2441446
2556647
1994801
1229339
5393269
1403703
5755951
5457981
56824
2899152
2172005
1707471
39013
329941
2611251
3244373
627834
216258
2529099
3704014
6331
1372010
485083
5211544
1673664
1277341
2659894
6998649
576498
5450547
5124072
337070
4858491
414043
3842948
902673
4836805
5763472
599180
6940996
1905958
5303384
8535905
423882
5951822
3907469
3132016
1989267
1038544
1357606
6159236
1680257
2004618
1167493
2591908
9606533
1122673
4287138
4033080
985429
1297816
6459470
2460251
5526656
5823681
3081963
2006896
2937847
2768629
2318702
4287609
103424
5610105
4425725
858129
53236
6120604
1937108
4758690
4924488
3417879
868872
3049524
6981996
680314
508419
42111
4677459
5118797
2038282
665591
1268018
5422389
3521185
1806308
3871020
3116295
301564
3297363
2452014
5119384
1835228
2549929
633068
1024118
9306674
765924
6573016
3367484
3481952
2680092
2610854
955177
1030978
450492
5621124
1207602
6554371
7025895
2458524
2103269
1362493
4719902
1329530
492458
875538
3733437
638442
910264
639337
2126096
144988
1110547
4196571
2129803
1636257
148583
3231495
1060660
10651
4531782
2121192
3201468
2854440
3635996
2106637
3802976
428633
674575
6370104
53470
447841
2615398
5033955
6107796
2611582
2426673
1852385
3564297
49575
183713
5817708
1616527
71737
8129281
4475356
357578
5541364
4104860
3803829
311827
1160604
1635719
3263477
207515
39530
1716104
1077209
979470
3335287
1355591
1001170
4826142
3846799
1112875
14579
702278
4304364
4844406
829834
1215834
1251255
589263
20964
3548853
356868
4747171
2608185
2022992
1087473
5174021
2065120
1784608
7533372
1759105
1478579
7498704
3291695
4765872
3203598
3670218
68313
4583250
5750935
4120943
742766
405386
5246428
193745
252731
4031730
5578589
1042844
3492930
148991
3052257
1003201
3392149
113368
5716318
3119766
6027524
1906656
47997
40313
111886
2713539
7881349
557691
8499994
419717
784719
4939459
2816195
1742786
831955
3422035
3488278
2242674
2178430
3287417
639337
4297204
1043339
3790543
782776
3709162
625849
345419
9217296
1065304
132711
1778603
1424103
935966
290319
2016013
536440
4073525
71541
291604
183127
122163
1800420
2655951
2847979
1506253
1358914
3185048
904490
1588958
66534
4781095
608874
6146295
1312057
98748
1618716
1737804
1379725
5955207
8014644
318623
424509
4233403
2494644
2502967
880322
327897
2373357
694897
241587
3972971
2470807
3015573
811743
96226
500318
5013857
5773866
3644409
1031696
2787905
5521361
3086797
4656763
1272664
3563097
2772217
600050
5317738
2160772
148583
1092004
7661242
1803330
6451136
1486166
567468
134645
2972729
4040464
3904650
1978510
8183817
863918
412854
170177
2240914
4945296
4024276
3032441
392113
1423593
5634463
4109134
1978220
175287
1223094
730697
7433376
5650490
2037452
2247043
653011
1263299
146238
4602917
2701005
410049
278820
3353193
48395
6616363
1623728
510422
24952
2573296
2167676
6171012
4869731
3569245
325350
291200
76914
3915185
5621057
864754
82688
795067
2472521
4597192
5759665
72235
3743959
4420806
6658289
4427675
4751824
2155308
1355545
2132112
5915369
511555
2760219
3482288
2219021
7041972
3097213
1183568
153139
162598
349208
1505625
5095169
2015511
1741070
2966137
193926
725235
5628899
1877461
2530198
274551
3244666
1089285
1045590
2975533
2438084
6246336
1798044
475896
3823353
1371824
626233
3329851
3804207
5668617
1756887
818487
378652
4107852
7155310
608874
1217568
2389406
3858238
428936
6100332
533038
3899499
5069366
637472
3062830
5346192
2517694
782184
2163659
4925642
3908692
718812
400862
1664209
7025963
3440434
80161
1109095
6016228
868627
280349
5770405
282815
851115
1473103
2294904
4714011
4009995
3865124
547553
8111495
1367832
3403174
127879
2811193
5077994
4768785
2968528
6308238
3453949
3728234
1314052
578572
5849856
4668014
245212
2005358
437825
502123
41504
2783699
6074875
904499
2853650
724748
4002395
797018
4664470
202932
4711624
633466
378244
2785774
587016
5076407
3005783
7736047
937128
1124193
1827141
1841237
7973727
102299
3005663
6941386
148773
901861
657704
3223748
1164324
90704
1340598
2074317
2049903
2146371
1414691
2795160
3990068
199819
1366942
1854021
3674655
2404807
4442429
2350522
993464
1197988
7224471
1834894
719486
246689
6676983
3786338
323070
357548
6181356
4181606
318103
3307046
6745768
602091
5928167
3866577
1402412
1794092
280114
2129741
3600621
956157
3240363
1946018
1308146
1023502
2394328
88773
4184833
3256188
2727276
1141354
1937687
3945004
2672578
988203
2895358
72565
28254
4787401
5595531
5775254
4191240
8524798
1583117
297539
2091351
1961092
3300332
3033657
4587492
7611427
160405
1545993
3855910
3767262
1357606
4196009
6523051
54656
4171549
3216118
6027541
2338658
2011695
3330861
513028
5463287
749488
2557944
4780651
927458
2586497
2227466
1290103
3408909
3722410
2973293
128344
5013667
1877835
5626554
2332004
1304971
909918
609662
2234782
1527737
1215605
44384
7850577
4713146
861368
5984210
881688
1484080
333207
1171110
971396
5105620
2869554
1236642
748824
1103898
2074694
135911
7587639
154495
2922804
2384156
5693701
725321
193876
842115
1424977
2343700
4237099
5037592
4568598
4015369
1261755
5183736
594869
363438
2015983
32901
4653207
2103269
2020542
27952
2048502
1507237
4840539
355596
1923718
846638
5359162
4354390
7311738
2526477
1498785
647831
775265
2479977
127452
7170649
2026769
906367
321909
2696141
2964683
315030
248397
6817887
189119
3211695
3935001
175932
2730654
4940807
1295532
187846
2592493
873707
240311
3467061
3703834
503685
6311779
7849291
2550419
1105742
31490
4138010
409706
2455308
364407
2392828
449120
632068
1045501
533227
617419
3408925
1098162
3804711
170936
304949
2186101
814282
3048152
239473
5424486
3196623
218935
7479921
322691
2827953
2274111
1602196
7577971
2140585
790298
1080846
9041067
31383
2195327
1438111
156738
5969648
7879269
1116071
542549
3445593
1989556
4899013
3360642
2364167
5246428
1544743
929971
3285645
4363816
4459134
2660519
759753
8460429
280349
8120339
4202997
99747
2182285
2596047
1903996
324397
515975
270061
2892930
145011
6193165
814403
2766261
1484429
82559
3138132
1012017
2050890
2148937
236604
3078407
113408
431218
6659969
1990414
1898053
755061
4816988
1234500
1907912
367172
512805
2618517
4388258
3440337
2456249
2133164
1153427
3947276
1802959
5282495
632910
331794
1784661
2381523
3934637
3926246
752397
1212206
372166
2204710
7763164
1499040
1101193
308384
858229
5382689
3170013
1144166
87297
3990172
1952920
3155686
139782
351943
3042331
1938298
1116784
289319
501832
5105408
3651291
1659293
582233
38041
5015912
4536986
456392
1481010
1436999
3752590
2151382
372896
5248196
8574847
1011587
668511
4635047
1819903
6268612
538859
423176
550800
3300103
932816
2478634
2031153
6171608
83226
2433745
1014236
1021546
2100921
1938661
4316162
6112075
554582
678918
276429
1451656
677800
7138393
2374347
7232348
32995
415466
1760790
489078
2127949
264124
6872267
992034
1628151
779751
475539
542518
2012746
205597
415256
2108283
6596132
929861
3951905
4927322
279794
1022906
3653468
2732818
4976514
4005440
418728
589384
708325
3597593
298535
2631427
2688218
9060765
191443
6196829
2370552
3796733
1220461
35339
5405772
4401490
2561649
3138225
1029291
1624770
347151
1957828
2912499
3354797
2429954
2012470
3700819
2178206
964581
435076
2215244
3431025
454477
2774760
130308
4215302
711341
7608269
5202167
5200485
3651813
314302
44463
716178
1236884
62295
2230494
351943
4526980
2242588
1480443
1317033
4809863
56186
6645842
4513467
2102890
1021443
365958
8063957
9124587
1466624
5398234
4636678
145590
4736269
847938
1532829
3876974
217293
3713229
496351
2734391
618227
1482767
1616740
2747444
410622
2879439
2962438
785419
6548549
1870229
434216
1076542
6441835
3681055
1492936
1319532
1985927
1415245
1226312
1742786
1226312
6696015
951274
134615
113368
182280
120834
1154312
2967153
54921
1580791
2902824
373157
2376181
5437037
922585
4575058
47807
640343
976994
1784608
8122198
882959
5359633
1850309
3540373
682731
1891950
4244431
242540
3123738
803075
3695746
56738
533257
6278894
1324367
2575893
1381166
874145
578246
6265438
656899
121337
10802
9226300
3662505
968270
1568509
6126233
3265168
1515206
1737804
2127712
1660348
147505
8617078
2084147
5135623
8529191
248953
1577800
5189326
1846566
6152437
3192417
4857246
1443531
1342615
3236538
1267906
4423416
555311
7398138
5184473
3870872
816718
807718
399321
294192
3500660
4189805
5318509
47691
328422
863569
3890454
4656763
1602400
2727789
1619764
648110
6821685
1402503
178351
134759
4862518
3216558
1037140
2355349
2134621
3317675
5811837
891731
1477466
324818
5310216
638811
570562
219602
1334672
2309974
700393
297934
4722883
6442563
3231427
3380
2435807
3540373
3123738
3465377
2047018
7057689
95276
824837
3205375
5078730
2129726
2805950
3758311
2107946
1048142
7217208
2900157
2421606
1387893
1544358
890021
1284872
2175099
3995390
4472750
5952420
2385576
811300
5947773
4800165
2901293
770651
67397
1818605
1985887
4475
4576
1475744
3704439
493772
7342588
1905213
2846980
90704
2943924
161168
425474
1380991
9245029
443138
2081218
1670528
5820842
916661
1883583
2424211
62295
3217717
4767246
738751
708276
595054
4227801
200532
4265800
1492329
583375
3442200
446334
4816290
1623793
2980427
2200813
252529
96660
336508
232768
1406372
392060
3224362
4896334
443240
450540
7584593
353414
1977204
5318149
1913998
404134
7156503
15378
78791
4605706
6759794
675859
1898515
8813314
1924819
165042
3720812
3347597
2163926
3082179
42171
834598
3428914
1434671
7738460
738434
386994
472585
4246922
471543
5448862
8513650
614392
2617616
6839272
561694
1081913
288427
3001702
4152790
9072987
5500987
3181611
4147854
474721
4213000
4661636
1348377
27690
185158
386994
8125282
4475625
1249498
5407340
6821685
282968
37439
1680323
179487
491791
4440
4446216
1105253
6441405
1551016
111886
4280664
5095220
1745956
6334224
94494
4141099
1135210
4039974
356868
745176
957294
1174712
691025
1970780
114265
126896
1708451
1040222
980460
1406190
1210984
8021996
5740344
6257278
394399
722132
1978158
5638119
45952
3420120
7803768
768446
4749361
1392744
7598459
4105698
1633015
164494
4481630
1236902
183975
2918935
777013
7347676
5369979
17012
1990442
1688310
471278
719434
194894
725235
262523
1719757
1519272
4519805
6652285
944479
1185352
3321135
5952820
842080
916452
2022992
1970022
3738607
1013006
3272158
5662466
197478
6706109
7663709
3062740
50377
7044955
1308146
5441316
1138969
1393569
5666205
2862946
543285
110557
183576
2512135
5168702
346083
1110773
2912380
720617
578634
3300820
374916
912867
5743333
4452310
3821273
2292254
1092078
6546396
5911562
2789687
1362521
15499
2214490
2504028
2093052
2553878
3050955
444712
5245982
1054378
2499182
159357
7757460
395664
2248842
1497768
3590196
1276033
916811
418297
5248008
62463
8196094
937128
248908
2465985
1232806
6038652
1142801
2149928
759873
854575
837634
3409231
2857010
2818583
243554
1246398
155374
1723995
117025
1067705
2247043
365846
22340
516023
851080
1307109
7603670
3165229
1628132
815309
2018490
702722
1035485
4401490
2370852
472811
1660009
1851545
705795
55324
258759
231019
821305
5321880
5096234
454667
1718320
827240
1772472
994024
7921136
4409890
172808
434100
212653
2195872
2846921
402260
3679250
4043176
70836
1045829
1258256
301000
6781257
4893258
32789
360121
1782963
5084269
1347544
4395446
587016
633999
1829899
5096867
1167128
370373
81161
4681284
13175
366610
818487
310722
2142380
7030574
6035711
2961173
110557
2797327
2813078
1799441
1841754
370603
5735881
683865
4170149
6830448
1583179
2625184
1654848
746316
233784
3586670
5629985
1418274
8405743
1445331
192109
944479
283210
2029685
3187474
224237
1530932
890748
1144850
5710454
5839682
4624537
3057072
743358
1346480
509971
3137410
1132594
3939211
1227830
3236310
1482767
5079223
348429
185624
2473050
2363706
598362
7670292
963543
1471718
8097419
2476609
674068
5546640
5286674
4990352
4496127
45646
339053
1714986
5179975
3183658
4919481
841172
217293
898946
1463532
1719041
59439
107292
4119728
2512992
785194
3809071
5046309
4454279
1030589
1288782
7457
3334519
4762613
2542120
316295
5090315
2543521
7783537
5654421
2223058
5535397
5829446
8607139
1808924
6075781
1987263
6450136
3463159
4240494
2605242
4185211
4182261
2622544
5793521
1942242
1212883
4276703
1913535
1575246
5054951
1354687
153139
3707057
5603604
3148594
4095948
912867
2691706
5366538
307266
2651117
2715123
570419
3813096
61101
1701116
5565504
2830054
2101291
5403946
2284096
3646355
2691706
971482
6559289
1510315
1606798
1655453
5614429
214277
5672833
1474011
6701030
6193989
396713
223222
1101185
2294996
12929
1478597
847199
721778
1362844
1428495
405968
4310096
336508
4181942
2418737
8127148
3010573
7735282
6737786
1272055
1311102
4866440
623721
684039
5708872
4161225
5792193
1180212
6070287
5390064
2669467
4013295
7411034
9945
6544653
902673
2204710
348553
247439
157540
7590405
2419008
556663
578411
7061155
6181999
789749
2205759
4208177
3681426
5124047
2239283
4178576
1062816
722374
53521
47033
4368729
640814
2543378
1495900
1061409
3078916
2983533
3758861
702645
70067
50535
2533069
35339
4230444
1576251
44301
855160
1392599
4951043
1210142
357222
1119509
2896000
2485438
1236902
7869750
344114
4873731
5396205
781180
515198
1594924
6392817
5007769
2792925
2576817
3529960
3828174
5850764
3917142
248029
1273334
3336286
2523521
2009333
1266503
475032
491190
510517
879571
1270518
5921691
1838885
485914
660192
2054857
484531
6839584
1891950
5662565
1978889
790250
6652983
5720803
127140
2399731
677260
54364
290034
4452676
491820
2619310
252207
3078062
779426
3495839
1961092
1383120
1550386
6124962
1926310
3831022
1135704
7333654
2812322
9207790
393471
1721903
9432492
1460052
4686359
1592560
2278645
4708207
6976816
2000814
1392935
6981819
1574821
5749052
338141
101608
157978
2964498
2420105
105150
2900003
6637605
2771691
2499781
874268
1117764
5211720
3447413
3237970
2897860
6314248
5175523
2754915
1224096
3460307
1760328
5006217
3851952
84549
5999317
8702004
788927
1195590
1660285
7346087
6672131
1593460
6210551
6939660
1771736
49111
4129912
2416391
841665
1365805
1635500
1817531
513163
292844
795099
286513
3335287
342448
2811431
4480
7593483
3972971
2989789
2072111
3903357
4446692
2675061
1722624
505703
400970
7252836
2273935
56505
553934
2010979
557362
1098170
1739309
3754793
4039351
842115
133737
795626
4293356
1251214
255042
6885337
5609819
2405910
6242909
1684277
373824
476592
6264276
1695090
1942049
2897497
2725156
636615
937255
2729098
1600801
289509
84138
4299080
5771777
6394782
4555127
849885
2256529
281104
1320973
713861
2075407
2608400
3621118
1020234
795067
1641562
240706
1604327
3849869
864703
1178592
1347388
1815811
6756362
2236639
606777
1743289
329256
730718
2967289
871957
2644251
2246500
4317611
2168752
2127150
325776
8112989
2121284
1031391
2830133
2792511
126938
707224
1482856
3501537
38017
5660961
439846
3266270
212249
1280958
1503020
1030541
4363968
873999
1734685
720874
3947146
7508022
2968385
44469
2975395
8637998
2451375
4061296
589001
2158688
3748641
6452886
1205096
1304506
1690950
3459090
5726703
607263
244915
2353611
130256
5329277
1396570
1441152
922963
4970087
4728253
2505638
5575884
1550097
4077669
1288240
575437
450540
1445690
642491
919138
1333127
4698039
876505
1439473
5583369
5765381
5386846
2768576
1281550
540755
207403
1884463
370603
4780362
3639232
1211562
425709
3871534
1561006
7264618
991925
2990255
2805365
525693
5630738
444564
404155
6396903
409896
1113005
397792
2088400
5031
1324367
442827
4527860
5651368
243373
2572076
1739581
6966784
6183535
274083
223962
1608574
3788527
1020683
1630644
3465377
2529583
629234
809260
2504543
7662283
2435807
2148010
792204
1171561
1652662
1605
1190869
509442
153537
3274170
1097472
156738
204007
5976504
2847328
99430
2579109
3659325
5736273
4822339
6488489
6759795
2112649
2893329
2152096
2863466
224697
8516667
1910278
1213533
356796
7162677
710067
2905052
2685777
105665
1199120
3849869
1302803
3254938
5105384
4585651
81287
2483297
4998938
5210166
753521
16103
685622
1169064
6507065
1012843
3951144
3007301
1446008
3692264
215777
5314734
1535153
9017445
1941799
3226384
439690
2744657
899831
387182
2468097
2207315
7412509
1955998
3500947
5940516
1172260
4025658
4894554
5066410
109962
1663433
139585
215877
1201676
5440538
2812898
6279855
3769045
8214731
366610
60895
31122
5725835
271064
599471
5431590
2517017
4720921
1383536
6856165
2202070
1230092
1027622
806839
40074
1157673
3813646
1022937
2062071
3253938
6226647
1686643
2027598
799240
5854355
5727
2132112
1671695
9481436
1542752
697890
6076273
1008709
1159677
4416906
2508767
4737259
618977
2975672
3083618
6236073
4286252
557737
3410310
3669162
5435375
1408624
951112
293120
3216045
1865292
5891553
380398
6517897
702392
2877419
2479232
1778602
5455007
960201
720617
5916545
2362298
7332670
2558208
424683
3869796
2949124
4000005
530265
1104296
5301574
6769492
1127738
128006
893885
37288
4724890
304949
3643060
8207729
3334973
1194290
423892
4199888
3371967
1441082
288024
3371127
342905
125648
9162792
2106390
1497768
976791
1184069
9210586
5437364
452314
780069
3917796
3505935
171462
1064752
3570271
56738
6793595
6457337
4429567
3368268
1069793
5275305
221765
8214603
4987990
6548014
4836217
97334
3609504
189915
5021854
7223206
4629
1141367
264217
4611257
96226
313381
3105433
1239172
3901249
111075
4908969
4441618
3042157
3122683
4407900
868207
2116771
36440
3805562
1444765
3821274
1578386
1711575
621266
1021443
3724373
3344295
5778279
6354927
9188884
1224924
954783
3269806
758478
1300667
936711
344467
952245
3503475
5000258
538185
260974
1822084
6102254
248055
4040514
1730479
3703120
3291877
2281824
2771453
2194037
2517232
107427
1884192
98972
7411469
1154219
1150108
2186690
1691769
3622507
3857805
271064
742021
17215
954372
786343
2081926
897539
106025
1475736
22269
1238295
7829015
725127
779799
1032920
4790138
47033
638571
5148513
3036711
183576
5228073
298018
2862703
5010002
2703071
3836744
1533920
1747811
1417132
5426356
3512990
176473
397919
1923925
6732024
1016342
1580218
2660012
3370669
590851
3723398
4271858
2289363
2273181
2671741
3493044
772783
4352512
2327453
668523
1458868
368809
1142550
560812
1629620
2740468
2025190
6635531
8887358
1640788
2731900
667935
3408081
3741466
952965
1231006
223725
2896000
2603500
1108203
204565
1403716
34855
3444018
894079
1595399
1196460
1935485
2102608
254234
3701189
6165262
4471389
1604343
670158
5737421
482157
3320975
3330625
97759
3691596
3300568
3628130
4340319
808383
1121842
57950
173012
2826710
1445546
470435
2329135
2588312
2147019
7606505
128499
6335248
2894498
455547
4041880
86335
120983
165312
5817122
7149188
514709
194128
992754
2106118
149286
3753621
30731
5789746
577173
746129
1546408
3772742
2003632
5569897
2347005
1010870
4470893
6498700
228365
4157468
4178608
1047827
3774325
2032593
5914177
4412201
3081037
4095533
269228
4447926
8400
1615327
46462
5664942
537410
6035610
9319650
4570228
2084648
1785755
6329763
3548158
575979
6472062
2417093
5918636
6225708
5306501
431371
1912224
1892126
895166
7902046
542549
6812176
1584041
5020829
3791915
1766523
283457
657502
8400
2219021
1502565
6822877
1365050
4269764
6895548
81161
881800
196148
4190943
2135958
3448187
20979
79952
5610015
2181494
884432
3104374
1285806
3315981
2714329
1893804
3940450
1880457
5275592
4284674
1325194
4951989
1950470
1284872
354063
419788
5018396
1270249
443240
70067
6172625
1021360
365958
785836
4940658
6246960
3193748
3278305
203581
2286941
1954834
44301
2861087
1987708
5103929
2631797
327541
2174293
280207
1433280
3696268
6576923
1359838
1224236
681926
4043209
1332910
507653
1501306
371554
2904587
5481312
727144
1362446
727095
431976
1196371
2107400
1824666
8218419
6117412
4532606
935966
6695568
625627
300092
5511276
608348
1568068
4706760
7741804
675340
87276
7704021
5061663
2363430
3234130
264921
192693
6836092
6256733
1964162
37635
283457
504712
678425
834752
2803791
5015114
2630494
3866628
3041211
5846972
1507596
662754
2844084
2301458
330762
2969393
99318
3350393
2606473
4391649
401225
101608
8463021
502676
6075292
2363243
3788857
3331852
3381134
884519
3109124
280946
1240481
634646
2013787
4672278
2217266
4236776
3383529
134519
4033218
230152
1657844
247679
5088422
4155303
355596
442607
632068
846645
2751531
1917462
2548200
1505684
1914441
331794
2542531
2111170
6527332
3079265
1481021
1832700
2393219
1130162
7778341
4959908
182846
5682092
2063604
396263
2870009
199335
6019023
1047396
1027651
722882
4283203
196407
2541868
7082862
2276493
541312
8683
837634
3070460
423808
112296
1676858
515951
1415544
7466365
696442
3432646
5921691
656899
9945
577569
1239716
5402552
990193
6121967
292646
1231277
3084711
1221070
2965323
1809329
5985721
1731409
689719
1402467
5922930
3673413
374078
1987633
1096068
113639
76914
1448665
1004056
4751274
4073444
372907
4756013
3049012
5683538
216517
45831
5162863
4423322
7557914
4670656
4095449
5658395
4129942
6050046
103682
221725
1859713
3380850
6002230
3768216
268423
2125426
844552
1811702
48113
4202269
5478744
5601055
442020
21215
854707
2829081
5094589
56348
4976261
5715787
6065604
439275
88958
4488872
2454876
195600
8274335
225071
2718291
5213942
718847
1390919
557637
1479190
5299708
302762
6442114
2309974
627072
2676233
6081795
716864
2926504
3698623
3078351
1797253
50377
977087
6184
3485251
6294646
560591
163451
2760187
2397396
2285450
1355591
126022
2276621
6134981
2771861
3965787
3232817
291946
1707540
1280355
465978
4434581
1109412
507184
3563619
4831267
1836837
343349
3071243
3085339
1327437
7381756
6893120
1083589
833514
2686608
356834
156576
5604887
2087983
4218676
70836
1504204
1386508
1219168
3211627
2152791
4025206
3363211
843966
1230092
1814785
14338
8304066
2646586
1266503
422175
214587
2919154
400945
488698
3076212
76735
4469361
7628
1012939
1085755
3308598
2065926
802748
532484
29575
51654
2548153
4394095
1494534
3706327
2733376
5128292
1810373
1454039
7275753
249918
7151307
782776
6837928
125793
3385116
363534
1395591
1611084
1709226
112646
3385116
4602498
4320778
2447342
2346938
2892485
4888566
2232856
128767
2102983
138167
1072027
1037521
889410
822414
237693
4162711
1132701
1893604
2307489
505597
1494557
7264324
953359
449377
407432
63509
308917
174430
3365245
4159031
4067369
9201044
2833247
5516190
189719
74962
1576021
3627320
1858159
1171300
3222077
170839
5093706
2093141
218553
367991
5222644
1196765
161905
300287
1151501
842031
278853
58481
4679882
8193629
1130487
2804129
2133164
2678108
177305
583147
3446198
2581861
4068197
1140731
1713907
6175385
1655513
13958
256204
1080018
7479304
5854175
23066
2241686
5740938
3627573
5641335
1067819
3983503
2416973
169712
2763353
2434449
8526932
2609286
1183379
519529
1349246
4077010
1925558
1621240
2953234
192317
688166
3236567
5666420
566485
6727823
3185389
2451460
163913
226189
2030496
3984964
842785
880833
1009661
3546981
4650455
1841408
1439651
2475435
3436719
1685107
1664497
1484080
2373465
4640359
1006782
2520034
1538309
2557038
7573003
2585609
5202888
1778355
2279319
1562388
4242518
1154014
173014
1202799
1782356
9665883
54138
1726995
855170
126938
1018482
6332027
1072742
8474082
1344362
442627
8723814
6027386
2450940
94884
865053
1284872
2217097
7017034
4063444
502500
1917087
624581
452168
199698
533227
1275046
4191013
1105698
416390
3098301
164910
343631
3502279
2814630
5242297
455581
1006531
7814227
2076678
3069974
63509
607991
861678
3948760
2691706
3048152
2468597
1012565
8355845
643439
2740468
108022
7465816
2521851
1182072
127801
121337
6122122
5573816
533227
2554208
1703058
3207352
26636
1643636
3260534
2652995
1444726
4890916
18546
1352373
2958979
3626497
1006869
980504
849592
1650553
6592519
766546
1942933
42830
7820
2393743
344481
272469
2942827
7736924
1646605
9428898
444406
511555
2411892
7070143
43136
3763460
4371355
5543458
5652648
4226770
5961421
96226
925399
636813
4223054
1167534
1657427
1127343
2931178
16768
1571175
6370098
5516695
3179042
1719027
999491
534106
2250030
621843
507404
35799
627586
1966074
1818605
5182488
1023306
4581405
4353020
7884724
5494289
583842
2262575
1208718
6297112
3072821
1973830
2125497
2196101
437781
5686865
1638443
6853396
548469
5787997
1772315
6105100
735785
5503177
2444276
4311861
58481
4889599
2640736
6384436
109060
2538438
1441152
4361676
6335250
597978
3279829
3012068
1576252
1698425
5568744
1358604
632880
3764902
3906776
5902070
7829577
3526753
131263
7810038
2061172
6683453
4437944
74824
1221946
589416
3930761
110578
2712991
2371492
300161
3508845
567176
394760
1519536
5692596
3594172
345952
4461884
831105
1029291
4227589
8184570
6578326
690797
3856807
826562
3443172
2466313
1482029
4669066
2935569
4300161
780059
1316712
161290
3402857
1383678
3212909
1541729
555337
559475
3105468
8262796
6839945
1470288
2603501
718582
467973
6853004
4097866
292255
715770
3391085
407432
4908362
317501
693004
3196068
1349939
2788730
5263541
2997929
870044
1840822
745176
5963431
274083
1467759
619515
444178
3258998
3691218
7182056
1723497
3433049
1409498
185158
1337121
3151580
354622
4129404
2182737
4401637
259944
7649258
3831143
7817365
3535859
870255
6558136
237618
5344547
1342811
4570785
42171
1876882
1167826
968124
1576462
33187
6014552
1964848
1876761
5437943
7455631
8429162
1439320
468642
170921
3244379
2784071
1137337
1884825
122738
5033297
4502426
5512369
720682
2234882
4888989
6087724
2784164
2797261
585873
9218256
532484
7441473
3610004
582233
344481
810323
3786893
395821
479527
496930
1145025
2132986
1153600
281104
8939115
736859
4990601
1797385
875790
2705662
6360334
1738514
2151317
2725756
110578
2220996
840179
424970
5131203
5583922
5355910
7156524
2232461
3002488
1967093
1785854
125523
6058862
1072743
735329
1511128
1298705
4250728
506270
1197867
498131
3414206
2958059
794081
1038957
1391142
2277420
1746645
279871
2960403
3380850
460101
1171469
2186296
1837475
2911272
712294
618937
4211219
916984
1405951
470302
4190943
2903853
3886360
777308
556428
999625
1638167
1478084
2424766
3291695
1290194
12539
500449
1133516
1365381
41898
1327065
5561740
635230
7498561
7335232
5389972
138167
1824975
1258523
1906197
125486
5445147
2587608
2289363
2431778
133821
7776573
5801789
8106537
158096
2629564
1130725
4672274
2738151
315030
4948495
2268698
3373459
4942266
1243239
1679302
940790
6628038
1839741
7042108
288237
1902161
4661466
2800598
3169555
1881404
1070831
5924608
2652655
2718051
4351199
2283798
1389228
7463166
5974290
2876874
125486
5212021
552800
3380975
887469
645744
7792011
3701189
2785529
25648
3905013
2748006
393579
4601673
1417045
6284732
2849807
530294
1694099
7471837
6048468
1204663
435076
159481
1016852
319566
508839
4765396
5727
323418
1884189
3611202
205008
4701094
274876
2415437
41436
9056266
472887
8154221
62366
6309386
212759
2243285
1670528
2732075
1264953
4903626
1001493
6117059
715770
2567512
2321209
98564
5116461
380468
1252713
8273435
799404
5722845
3079286
2539662
9312850
3637847
1785442
746954
199698
207403
163897
477079
1435182
3292232
1278503
251587
2727276
2660404
3362368
6904527
205938
2795378
5119133
6079374
2832546
6073317
1077648
3275786
505540
2004618
6136206
631182
7322136
1160182
1191627
2236607
999687
505388
1126634
5046722
210722
